<?xml version="1.0" encoding="UTF-8"?>
<!-- Generated by org.testng.reporters.JUnitXMLReporter -->
<testsuite ignored="0" hostname="DESKTOP-7SLCDT6" failures="1" tests="1" name="Test1" time="0.004" errors="0" timestamp="2024-01-10T20:21:40 IST">
  <testcase classname="Frameworks.crossbrw" name="launch" time="0.0">
    <failure type="org.testng.TestNGException" message="
Parameter &amp;apos;browser&amp;apos; is required by @Test on method launch but has not been marked @Optional or defined
in C:\Users\Admin\eclipse-workspace\selenium1\crbrw.xml">
      <![CDATA[org.testng.TestNGException: 
Parameter 'browser' is required by @Test on method launch but has not been marked @Optional or defined
in C:\Users\Admin\eclipse-workspace\selenium1\crbrw.xml
at java.base/java.util.ArrayList.forEach(ArrayList.java:1511)
... Removed 26 stack frames]]>
    </failure>
  </testcase> <!-- launch -->
</testsuite> <!-- Test1 -->
